<?xml version="1.0" encoding="UTF-8"?>
<coverage generated="1709646553096" clover="3.2.0">
  <project timestamp="1709646553096" name="All files">
    <metrics statements="152" coveredstatements="150" conditionals="16" coveredconditionals="14" methods="50" coveredmethods="48" elements="218" coveredelements="212" complexity="0" loc="152" ncloc="152" packages="5" files="9" classes="9"/>
    <package name="app">
      <metrics statements="4" coveredstatements="3" conditionals="0" coveredconditionals="0" methods="1" coveredmethods="0"/>
      <file name="app.component.html" path="C:\Users\VedavathiB\projects\authlite-form-widgets-angular\src\app\app.component.html">
        <metrics statements="1" coveredstatements="1" conditionals="0" coveredconditionals="0" methods="0" coveredmethods="0"/>
        <line num="1" count="1" type="stmt"/>
      </file>
      <file name="app.component.ts" path="C:\Users\VedavathiB\projects\authlite-form-widgets-angular\src\app\app.component.ts">
        <metrics statements="3" coveredstatements="2" conditionals="0" coveredconditionals="0" methods="1" coveredmethods="0"/>
        <line num="1" count="1" type="stmt"/>
        <line num="8" count="1" type="stmt"/>
        <line num="9" count="0" type="stmt"/>
      </file>
    </package>
    <package name="app.ForgotPasswordForm">
      <metrics statements="28" coveredstatements="28" conditionals="3" coveredconditionals="3" methods="12" coveredmethods="12"/>
      <file name="forgot-password-form.component.html" path="C:\Users\VedavathiB\projects\authlite-form-widgets-angular\src\app\ForgotPasswordForm\forgot-password-form.component.html">
        <metrics statements="1" coveredstatements="1" conditionals="0" coveredconditionals="0" methods="0" coveredmethods="0"/>
        <line num="1" count="1" type="stmt"/>
      </file>
      <file name="forgot-password-form.component.ts" path="C:\Users\VedavathiB\projects\authlite-form-widgets-angular\src\app\ForgotPasswordForm\forgot-password-form.component.ts">
        <metrics statements="27" coveredstatements="27" conditionals="3" coveredconditionals="3" methods="12" coveredmethods="12"/>
        <line num="1" count="1" type="stmt"/>
        <line num="2" count="1" type="stmt"/>
        <line num="3" count="1" type="stmt"/>
        <line num="10" count="1" type="stmt"/>
        <line num="12" count="10" type="stmt"/>
        <line num="18" count="10" type="stmt"/>
        <line num="20" count="10" type="stmt"/>
        <line num="23" count="10" type="stmt"/>
        <line num="26" count="10" type="stmt"/>
        <line num="32" count="26" type="stmt"/>
        <line num="35" count="26" type="stmt"/>
        <line num="38" count="26" type="stmt"/>
        <line num="41" count="1" type="stmt"/>
        <line num="44" count="1" type="stmt"/>
        <line num="47" count="1" type="stmt"/>
        <line num="50" count="3" type="stmt"/>
        <line num="51" count="3" type="cond" truecount="1" falsecount="0"/>
        <line num="52" count="1" type="stmt"/>
        <line num="53" count="1" type="stmt"/>
        <line num="55" count="2" type="stmt"/>
        <line num="57" count="2" type="cond" truecount="2" falsecount="0"/>
        <line num="58" count="1" type="stmt"/>
        <line num="61" count="1" type="stmt"/>
        <line num="62" count="1" type="stmt"/>
        <line num="66" count="1" type="stmt"/>
        <line num="69" count="1" type="stmt"/>
        <line num="70" count="1" type="stmt"/>
      </file>
    </package>
    <package name="app.SignupForm">
      <metrics statements="36" coveredstatements="36" conditionals="6" coveredconditionals="6" methods="20" coveredmethods="20"/>
      <file name="signup-form.component.html" path="C:\Users\VedavathiB\projects\authlite-form-widgets-angular\src\app\SignupForm\signup-form.component.html">
        <metrics statements="1" coveredstatements="1" conditionals="0" coveredconditionals="0" methods="0" coveredmethods="0"/>
        <line num="1" count="1" type="stmt"/>
      </file>
      <file name="signup-form.component.ts" path="C:\Users\VedavathiB\projects\authlite-form-widgets-angular\src\app\SignupForm\signup-form.component.ts">
        <metrics statements="35" coveredstatements="35" conditionals="6" coveredconditionals="6" methods="20" coveredmethods="20"/>
        <line num="1" count="1" type="stmt"/>
        <line num="2" count="1" type="stmt"/>
        <line num="3" count="1" type="stmt"/>
        <line num="4" count="1" type="stmt"/>
        <line num="13" count="1" type="stmt"/>
        <line num="15" count="14" type="stmt"/>
        <line num="21" count="14" type="stmt"/>
        <line num="24" count="2" type="stmt"/>
        <line num="27" count="14" type="stmt"/>
        <line num="42" count="14" type="stmt"/>
        <line num="45" count="14" type="stmt"/>
        <line num="58" count="42" type="stmt"/>
        <line num="61" count="42" type="stmt"/>
        <line num="64" count="42" type="stmt"/>
        <line num="67" count="42" type="stmt"/>
        <line num="70" count="42" type="stmt"/>
        <line num="73" count="42" type="stmt"/>
        <line num="76" count="42" type="stmt"/>
        <line num="79" count="1" type="stmt"/>
        <line num="82" count="1" type="stmt"/>
        <line num="85" count="1" type="stmt"/>
        <line num="88" count="1" type="stmt"/>
        <line num="91" count="1" type="stmt"/>
        <line num="94" count="1" type="stmt"/>
        <line num="97" count="1" type="stmt"/>
        <line num="98" count="1" type="stmt"/>
        <line num="101" count="109" type="stmt"/>
        <line num="102" count="109" type="stmt"/>
        <line num="104" count="109" type="cond" truecount="4" falsecount="0"/>
        <line num="105" count="5" type="stmt"/>
        <line num="107" count="104" type="stmt"/>
        <line num="110" count="2" type="cond" truecount="2" falsecount="0"/>
        <line num="111" count="1" type="stmt"/>
        <line num="112" count="1" type="stmt"/>
        <line num="115" count="1" type="stmt"/>
      </file>
    </package>
    <package name="app.signinForm">
      <metrics statements="30" coveredstatements="30" conditionals="3" coveredconditionals="3" methods="15" coveredmethods="15"/>
      <file name="signin-form.component.html" path="C:\Users\VedavathiB\projects\authlite-form-widgets-angular\src\app\signinForm\signin-form.component.html">
        <metrics statements="1" coveredstatements="1" conditionals="0" coveredconditionals="0" methods="0" coveredmethods="0"/>
        <line num="1" count="1" type="stmt"/>
      </file>
      <file name="signin-form.component.ts" path="C:\Users\VedavathiB\projects\authlite-form-widgets-angular\src\app\signinForm\signin-form.component.ts">
        <metrics statements="29" coveredstatements="29" conditionals="3" coveredconditionals="3" methods="15" coveredmethods="15"/>
        <line num="1" count="1" type="stmt"/>
        <line num="2" count="1" type="stmt"/>
        <line num="3" count="1" type="stmt"/>
        <line num="10" count="1" type="stmt"/>
        <line num="12" count="13" type="stmt"/>
        <line num="18" count="13" type="stmt"/>
        <line num="21" count="2" type="stmt"/>
        <line num="24" count="13" type="stmt"/>
        <line num="27" count="13" type="stmt"/>
        <line num="31" count="13" type="stmt"/>
        <line num="37" count="36" type="stmt"/>
        <line num="40" count="36" type="stmt"/>
        <line num="43" count="36" type="stmt"/>
        <line num="46" count="36" type="stmt"/>
        <line num="49" count="1" type="stmt"/>
        <line num="52" count="1" type="stmt"/>
        <line num="55" count="1" type="stmt"/>
        <line num="58" count="1" type="stmt"/>
        <line num="61" count="1" type="stmt"/>
        <line num="64" count="7" type="stmt"/>
        <line num="65" count="7" type="cond" truecount="1" falsecount="0"/>
        <line num="66" count="3" type="stmt"/>
        <line num="67" count="3" type="stmt"/>
        <line num="69" count="4" type="stmt"/>
        <line num="70" count="4" type="stmt"/>
        <line num="72" count="4" type="cond" truecount="2" falsecount="0"/>
        <line num="73" count="3" type="stmt"/>
        <line num="76" count="1" type="stmt"/>
        <line num="80" count="2" type="stmt"/>
      </file>
    </package>
    <package name="app.types">
      <metrics statements="54" coveredstatements="53" conditionals="4" coveredconditionals="2" methods="2" coveredmethods="1"/>
      <file name="TranslationDictionaryType.ts" path="C:\Users\VedavathiB\projects\authlite-form-widgets-angular\src\app\types\TranslationDictionaryType.ts">
        <metrics statements="54" coveredstatements="53" conditionals="4" coveredconditionals="2" methods="2" coveredmethods="1"/>
        <line num="69" count="3" type="cond" truecount="2" falsecount="0"/>
        <line num="70" count="3" type="stmt"/>
        <line num="71" count="3" type="stmt"/>
        <line num="72" count="3" type="stmt"/>
        <line num="73" count="3" type="stmt"/>
        <line num="74" count="3" type="stmt"/>
        <line num="75" count="3" type="stmt"/>
        <line num="77" count="3" type="stmt"/>
        <line num="78" count="3" type="stmt"/>
        <line num="79" count="3" type="stmt"/>
        <line num="80" count="3" type="stmt"/>
        <line num="81" count="3" type="stmt"/>
        <line num="82" count="3" type="stmt"/>
        <line num="83" count="3" type="stmt"/>
        <line num="84" count="3" type="stmt"/>
        <line num="86" count="3" type="stmt"/>
        <line num="87" count="3" type="stmt"/>
        <line num="88" count="3" type="stmt"/>
        <line num="89" count="3" type="stmt"/>
        <line num="90" count="3" type="stmt"/>
        <line num="91" count="3" type="stmt"/>
        <line num="92" count="3" type="stmt"/>
        <line num="93" count="3" type="stmt"/>
        <line num="95" count="3" type="stmt"/>
        <line num="96" count="3" type="stmt"/>
        <line num="97" count="3" type="stmt"/>
        <line num="98" count="3" type="stmt"/>
        <line num="99" count="3" type="stmt"/>
        <line num="100" count="3" type="stmt"/>
        <line num="101" count="3" type="stmt"/>
        <line num="103" count="3" type="stmt"/>
        <line num="104" count="3" type="stmt"/>
        <line num="105" count="3" type="stmt"/>
        <line num="107" count="3" type="stmt"/>
        <line num="108" count="3" type="stmt"/>
        <line num="109" count="3" type="stmt"/>
        <line num="110" count="3" type="stmt"/>
        <line num="112" count="3" type="stmt"/>
        <line num="113" count="3" type="stmt"/>
        <line num="114" count="3" type="stmt"/>
        <line num="115" count="3" type="stmt"/>
        <line num="116" count="3" type="stmt"/>
        <line num="118" count="3" type="stmt"/>
        <line num="119" count="3" type="stmt"/>
        <line num="120" count="3" type="stmt"/>
        <line num="121" count="3" type="stmt"/>
        <line num="123" count="3" type="stmt"/>
        <line num="124" count="3" type="stmt"/>
        <line num="125" count="3" type="stmt"/>
        <line num="126" count="3" type="stmt"/>
        <line num="127" count="3" type="stmt"/>
        <line num="130" count="3" type="stmt"/>
        <line num="199" count="3" type="stmt"/>
        <line num="203" count="0" type="cond" truecount="0" falsecount="2"/>
      </file>
    </package>
  </project>
</coverage>
