{"C:\\Users\\VedavathiB\\projects\\authlite-form-widgets-angular\\src\\app\\app.component.html": {"path":"C:\\Users\\VedavathiB\\projects\\authlite-form-widgets-angular\\src\\app\\app.component.html","statementMap":{"0":{"start":{"line":1,"column":0},"end":{"line":1,"column":21140}}},"fnMap":{},"branchMap":{},"s":{"0":1},"f":{},"b":{},"_coverageSchema":"1a1c01bbd47fc00a2c39e90264f33305004495a9","hash":"b283ca821783f692d47bd2ffc7c13fdb30ace283"}
,"C:\\Users\\VedavathiB\\projects\\authlite-form-widgets-angular\\src\\app\\app.component.ts": {"path":"C:\\Users\\VedavathiB\\projects\\authlite-form-widgets-angular\\src\\app\\app.component.ts","statementMap":{"0":{"start":{"line":1,"column":0},"end":{"line":1,"column":42}},"1":{"start":{"line":8,"column":7},"end":{"line":10,"column":null}},"2":{"start":{"line":9,"column":2},"end":{"line":9,"column":42}},"3":{"start":{"line":8,"column":13},"end":{"line":8,"column":25}},"4":{"start":{"line":8,"column":13},"end":{"line":10,"column":null}}},"fnMap":{"0":{"name":"(anonymous_0)","decl":{"start":{"line":8,"column":7},"end":{"line":8,"column":13}},"loc":{"start":{"line":8,"column":7},"end":{"line":10,"column":1}}}},"branchMap":{},"s":{"0":1,"1":1,"2":0,"3":1,"4":1},"f":{"0":0},"b":{}}
,"C:\\Users\\VedavathiB\\projects\\authlite-form-widgets-angular\\src\\app\\ForgotPasswordForm\\forgot-password-form.component.html": {"path":"C:\\Users\\VedavathiB\\projects\\authlite-form-widgets-angular\\src\\app\\ForgotPasswordForm\\forgot-password-form.component.html","statementMap":{"0":{"start":{"line":1,"column":0},"end":{"line":1,"column":1965}}},"fnMap":{},"branchMap":{},"s":{"0":1},"f":{},"b":{},"_coverageSchema":"1a1c01bbd47fc00a2c39e90264f33305004495a9","hash":"58bad49b142696f4978d7751d3f1b860ef03928b"}
,"C:\\Users\\VedavathiB\\projects\\authlite-form-widgets-angular\\src\\app\\ForgotPasswordForm\\forgot-password-form.component.ts": {"path":"C:\\Users\\VedavathiB\\projects\\authlite-form-widgets-angular\\src\\app\\ForgotPasswordForm\\forgot-password-form.component.ts","statementMap":{"0":{"start":{"line":1,"column":0},"end":{"line":1,"column":49}},"1":{"start":{"line":2,"column":0},"end":{"line":2,"column":124}},"2":{"start":{"line":3,"column":0},"end":{"line":3,"column":68}},"3":{"start":{"line":20,"column":22},"end":{"line":20,"column":37}},"4":{"start":{"line":12,"column":11},"end":{"line":12,"column":null}},"5":{"start":{"line":18,"column":2},"end":{"line":18,"column":41}},"6":{"start":{"line":23,"column":4},"end":{"line":23,"column":20}},"7":{"start":{"line":26,"column":4},"end":{"line":28,"column":7}},"8":{"start":{"line":32,"column":4},"end":{"line":32,"column":75}},"9":{"start":{"line":35,"column":4},"end":{"line":35,"column":78}},"10":{"start":{"line":38,"column":4},"end":{"line":38,"column":72}},"11":{"start":{"line":41,"column":4},"end":{"line":41,"column":79}},"12":{"start":{"line":44,"column":4},"end":{"line":44,"column":78}},"13":{"start":{"line":47,"column":4},"end":{"line":47,"column":76}},"14":{"start":{"line":50,"column":4},"end":{"line":50,"column":null}},"15":{"start":{"line":51,"column":4},"end":{"line":54,"column":5}},"16":{"start":{"line":52,"column":6},"end":{"line":52,"column":49}},"17":{"start":{"line":53,"column":6},"end":{"line":53,"column":13}},"18":{"start":{"line":55,"column":25},"end":{"line":55,"column":60}},"19":{"start":{"line":57,"column":4},"end":{"line":63,"column":5}},"20":{"start":{"line":58,"column":6},"end":{"line":58,"column":63}},"21":{"start":{"line":61,"column":6},"end":{"line":61,"column":72}},"22":{"start":{"line":62,"column":6},"end":{"line":62,"column":47}},"23":{"start":{"line":66,"column":4},"end":{"line":66,"column":17}},"24":{"start":{"line":69,"column":4},"end":{"line":69,"column":70}},"25":{"start":{"line":70,"column":4},"end":{"line":70,"column":38}},"26":{"start":{"line":10,"column":13},"end":{"line":10,"column":40}},"27":{"start":{"line":10,"column":13},"end":{"line":72,"column":null}}},"fnMap":{"0":{"name":"(anonymous_0)","decl":{"start":{"line":20,"column":2},"end":{"line":20,"column":22}},"loc":{"start":{"line":20,"column":37},"end":{"line":20,"column":42}}},"1":{"name":"(anonymous_1)","decl":{"start":{"line":22,"column":2},"end":{"line":22,"column":10}},"loc":{"start":{"line":22,"column":10},"end":{"line":24,"column":3}}},"2":{"name":"(anonymous_2)","decl":{"start":{"line":25,"column":2},"end":{"line":25,"column":10}},"loc":{"start":{"line":25,"column":10},"end":{"line":29,"column":3}}},"3":{"name":"(anonymous_3)","decl":{"start":{"line":31,"column":2},"end":{"line":31,"column":6}},"loc":{"start":{"line":31,"column":33},"end":{"line":33,"column":3}}},"4":{"name":"(anonymous_4)","decl":{"start":{"line":34,"column":2},"end":{"line":34,"column":6}},"loc":{"start":{"line":34,"column":36},"end":{"line":36,"column":3}}},"5":{"name":"(anonymous_5)","decl":{"start":{"line":37,"column":2},"end":{"line":37,"column":6}},"loc":{"start":{"line":37,"column":34},"end":{"line":39,"column":3}}},"6":{"name":"(anonymous_6)","decl":{"start":{"line":40,"column":2},"end":{"line":40,"column":6}},"loc":{"start":{"line":40,"column":44},"end":{"line":42,"column":3}}},"7":{"name":"(anonymous_7)","decl":{"start":{"line":43,"column":2},"end":{"line":43,"column":6}},"loc":{"start":{"line":43,"column":39},"end":{"line":45,"column":3}}},"8":{"name":"(anonymous_8)","decl":{"start":{"line":46,"column":2},"end":{"line":46,"column":6}},"loc":{"start":{"line":46,"column":36},"end":{"line":48,"column":3}}},"9":{"name":"(anonymous_9)","decl":{"start":{"line":49,"column":2},"end":{"line":49,"column":10}},"loc":{"start":{"line":49,"column":10},"end":{"line":64,"column":3}}},"10":{"name":"(anonymous_10)","decl":{"start":{"line":65,"column":2},"end":{"line":65,"column":14}},"loc":{"start":{"line":65,"column":28},"end":{"line":67,"column":3}}},"11":{"name":"(anonymous_11)","decl":{"start":{"line":68,"column":2},"end":{"line":68,"column":23}},"loc":{"start":{"line":68,"column":37},"end":{"line":71,"column":3}}}},"branchMap":{"0":{"loc":{"start":{"line":51,"column":4},"end":{"line":54,"column":5}},"type":"if","locations":[{"start":{"line":51,"column":4},"end":{"line":54,"column":5}}]},"1":{"loc":{"start":{"line":57,"column":4},"end":{"line":63,"column":5}},"type":"if","locations":[{"start":{"line":57,"column":4},"end":{"line":63,"column":5}},{"start":{"line":60,"column":9},"end":{"line":63,"column":5}}]}},"s":{"0":1,"1":1,"2":1,"3":10,"4":10,"5":10,"6":10,"7":10,"8":26,"9":26,"10":26,"11":1,"12":1,"13":1,"14":3,"15":3,"16":1,"17":1,"18":2,"19":2,"20":1,"21":1,"22":1,"23":1,"24":1,"25":1,"26":1,"27":1},"f":{"0":10,"1":10,"2":10,"3":26,"4":26,"5":26,"6":1,"7":1,"8":1,"9":3,"10":1,"11":1},"b":{"0":[1],"1":[1,1]}}
,"C:\\Users\\VedavathiB\\projects\\authlite-form-widgets-angular\\src\\app\\SignupForm\\signup-form.component.html": {"path":"C:\\Users\\VedavathiB\\projects\\authlite-form-widgets-angular\\src\\app\\SignupForm\\signup-form.component.html","statementMap":{"0":{"start":{"line":1,"column":0},"end":{"line":1,"column":7798}}},"fnMap":{},"branchMap":{},"s":{"0":1},"f":{},"b":{},"_coverageSchema":"1a1c01bbd47fc00a2c39e90264f33305004495a9","hash":"5c124a154a84eda6c5dc65e7bd2d8b41ad85df96"}
,"C:\\Users\\VedavathiB\\projects\\authlite-form-widgets-angular\\src\\app\\SignupForm\\signup-form.component.ts": {"path":"C:\\Users\\VedavathiB\\projects\\authlite-form-widgets-angular\\src\\app\\SignupForm\\signup-form.component.ts","statementMap":{"0":{"start":{"line":1,"column":0},"end":{"line":1,"column":79}},"1":{"start":{"line":2,"column":0},"end":{"line":2,"column":140}},"2":{"start":{"line":3,"column":0},"end":{"line":3,"column":93}},"3":{"start":{"line":4,"column":0},"end":{"line":4,"column":41}},"4":{"start":{"line":24,"column":4},"end":{"line":24,"column":null}},"5":{"start":{"line":27,"column":22},"end":{"line":27,"column":37}},"6":{"start":{"line":27,"column":47},"end":{"line":27,"column":61}},"7":{"start":{"line":15,"column":11},"end":{"line":15,"column":null}},"8":{"start":{"line":21,"column":2},"end":{"line":21,"column":31}},"9":{"start":{"line":42,"column":4},"end":{"line":42,"column":20}},"10":{"start":{"line":45,"column":4},"end":{"line":54,"column":9}},"11":{"start":{"line":58,"column":4},"end":{"line":58,"column":66}},"12":{"start":{"line":61,"column":4},"end":{"line":61,"column":69}},"13":{"start":{"line":64,"column":4},"end":{"line":64,"column":67}},"14":{"start":{"line":67,"column":4},"end":{"line":67,"column":68}},"15":{"start":{"line":70,"column":4},"end":{"line":70,"column":63}},"16":{"start":{"line":73,"column":4},"end":{"line":73,"column":66}},"17":{"start":{"line":76,"column":4},"end":{"line":76,"column":72}},"18":{"start":{"line":79,"column":4},"end":{"line":79,"column":68}},"19":{"start":{"line":82,"column":4},"end":{"line":82,"column":69}},"20":{"start":{"line":85,"column":4},"end":{"line":85,"column":67}},"21":{"start":{"line":88,"column":4},"end":{"line":88,"column":69}},"22":{"start":{"line":91,"column":4},"end":{"line":91,"column":67}},"23":{"start":{"line":94,"column":4},"end":{"line":94,"column":73}},"24":{"start":{"line":97,"column":27},"end":{"line":97,"column":65}},"25":{"start":{"line":98,"column":4},"end":{"line":98,"column":75}},"26":{"start":{"line":101,"column":21},"end":{"line":101,"column":44}},"27":{"start":{"line":102,"column":27},"end":{"line":102,"column":57}},"28":{"start":{"line":104,"column":4},"end":{"line":106,"column":5}},"29":{"start":{"line":105,"column":6},"end":{"line":105,"column":42}},"30":{"start":{"line":107,"column":4},"end":{"line":107,"column":16}},"31":{"start":{"line":110,"column":4},"end":{"line":117,"column":5}},"32":{"start":{"line":111,"column":6},"end":{"line":111,"column":41}},"33":{"start":{"line":112,"column":6},"end":{"line":112,"column":13}},"34":{"start":{"line":115,"column":6},"end":{"line":115,"column":63}},"35":{"start":{"line":13,"column":13},"end":{"line":13,"column":32}},"36":{"start":{"line":13,"column":13},"end":{"line":119,"column":null}}},"fnMap":{"0":{"name":"(anonymous_0)","decl":{"start":{"line":23,"column":2},"end":{"line":23,"column":16}},"loc":{"start":{"line":23,"column":16},"end":{"line":25,"column":3}}},"1":{"name":"(anonymous_1)","decl":{"start":{"line":27,"column":2},"end":{"line":27,"column":22}},"loc":{"start":{"line":27,"column":61},"end":{"line":27,"column":129}}},"2":{"name":"(anonymous_2)","decl":{"start":{"line":41,"column":2},"end":{"line":41,"column":10}},"loc":{"start":{"line":41,"column":10},"end":{"line":43,"column":3}}},"3":{"name":"(anonymous_3)","decl":{"start":{"line":44,"column":2},"end":{"line":44,"column":10}},"loc":{"start":{"line":44,"column":10},"end":{"line":55,"column":3}}},"4":{"name":"(anonymous_4)","decl":{"start":{"line":57,"column":2},"end":{"line":57,"column":6}},"loc":{"start":{"line":57,"column":25},"end":{"line":59,"column":3}}},"5":{"name":"(anonymous_5)","decl":{"start":{"line":60,"column":2},"end":{"line":60,"column":6}},"loc":{"start":{"line":60,"column":28},"end":{"line":62,"column":3}}},"6":{"name":"(anonymous_6)","decl":{"start":{"line":63,"column":2},"end":{"line":63,"column":6}},"loc":{"start":{"line":63,"column":30},"end":{"line":65,"column":3}}},"7":{"name":"(anonymous_7)","decl":{"start":{"line":66,"column":2},"end":{"line":66,"column":6}},"loc":{"start":{"line":66,"column":31},"end":{"line":68,"column":3}}},"8":{"name":"(anonymous_8)","decl":{"start":{"line":69,"column":2},"end":{"line":69,"column":6}},"loc":{"start":{"line":69,"column":29},"end":{"line":71,"column":3}}},"9":{"name":"(anonymous_9)","decl":{"start":{"line":72,"column":2},"end":{"line":72,"column":6}},"loc":{"start":{"line":72,"column":29},"end":{"line":74,"column":3}}},"10":{"name":"(anonymous_10)","decl":{"start":{"line":75,"column":2},"end":{"line":75,"column":6}},"loc":{"start":{"line":75,"column":35},"end":{"line":77,"column":3}}},"11":{"name":"(anonymous_11)","decl":{"start":{"line":78,"column":2},"end":{"line":78,"column":6}},"loc":{"start":{"line":78,"column":37},"end":{"line":80,"column":3}}},"12":{"name":"(anonymous_12)","decl":{"start":{"line":81,"column":2},"end":{"line":81,"column":6}},"loc":{"start":{"line":81,"column":38},"end":{"line":83,"column":3}}},"13":{"name":"(anonymous_13)","decl":{"start":{"line":84,"column":2},"end":{"line":84,"column":6}},"loc":{"start":{"line":84,"column":36},"end":{"line":86,"column":3}}},"14":{"name":"(anonymous_14)","decl":{"start":{"line":87,"column":2},"end":{"line":87,"column":6}},"loc":{"start":{"line":87,"column":31},"end":{"line":89,"column":3}}},"15":{"name":"(anonymous_15)","decl":{"start":{"line":90,"column":2},"end":{"line":90,"column":6}},"loc":{"start":{"line":90,"column":36},"end":{"line":92,"column":3}}},"16":{"name":"(anonymous_16)","decl":{"start":{"line":93,"column":2},"end":{"line":93,"column":6}},"loc":{"start":{"line":93,"column":42},"end":{"line":95,"column":3}}},"17":{"name":"(anonymous_17)","decl":{"start":{"line":96,"column":2},"end":{"line":96,"column":6}},"loc":{"start":{"line":96,"column":42},"end":{"line":99,"column":3}}},"18":{"name":"(anonymous_18)","decl":{"start":{"line":100,"column":2},"end":{"line":100,"column":24}},"loc":{"start":{"line":100,"column":49},"end":{"line":108,"column":3}}},"19":{"name":"(anonymous_19)","decl":{"start":{"line":109,"column":2},"end":{"line":109,"column":10}},"loc":{"start":{"line":109,"column":10},"end":{"line":118,"column":3}}}},"branchMap":{"0":{"loc":{"start":{"line":104,"column":4},"end":{"line":106,"column":5}},"type":"if","locations":[{"start":{"line":104,"column":4},"end":{"line":106,"column":5}}]},"1":{"loc":{"start":{"line":104,"column":8},"end":{"line":104,"column":77}},"type":"binary-expr","locations":[{"start":{"line":104,"column":8},"end":{"line":104,"column":16}},{"start":{"line":104,"column":20},"end":{"line":104,"column":34}},{"start":{"line":104,"column":38},"end":{"line":104,"column":77}}]},"2":{"loc":{"start":{"line":110,"column":4},"end":{"line":117,"column":5}},"type":"if","locations":[{"start":{"line":110,"column":4},"end":{"line":117,"column":5}},{"start":{"line":114,"column":9},"end":{"line":117,"column":5}}]}},"s":{"0":1,"1":1,"2":1,"3":1,"4":2,"5":14,"6":14,"7":14,"8":14,"9":14,"10":14,"11":42,"12":42,"13":42,"14":42,"15":42,"16":42,"17":42,"18":1,"19":1,"20":1,"21":1,"22":1,"23":1,"24":1,"25":1,"26":109,"27":109,"28":109,"29":5,"30":104,"31":2,"32":1,"33":1,"34":1,"35":1,"36":1},"f":{"0":2,"1":14,"2":14,"3":14,"4":42,"5":42,"6":42,"7":42,"8":42,"9":42,"10":42,"11":1,"12":1,"13":1,"14":1,"15":1,"16":1,"17":1,"18":109,"19":2},"b":{"0":[5],"1":[109,109,109],"2":[1,1]}}
,"C:\\Users\\VedavathiB\\projects\\authlite-form-widgets-angular\\src\\app\\signinForm\\signin-form.component.html": {"path":"C:\\Users\\VedavathiB\\projects\\authlite-form-widgets-angular\\src\\app\\signinForm\\signin-form.component.html","statementMap":{"0":{"start":{"line":1,"column":0},"end":{"line":1,"column":4731}}},"fnMap":{},"branchMap":{},"s":{"0":1},"f":{},"b":{},"_coverageSchema":"1a1c01bbd47fc00a2c39e90264f33305004495a9","hash":"67318ff26f0a7d302718000eaecc0096ef9d9c62"}
,"C:\\Users\\VedavathiB\\projects\\authlite-form-widgets-angular\\src\\app\\signinForm\\signin-form.component.ts": {"path":"C:\\Users\\VedavathiB\\projects\\authlite-form-widgets-angular\\src\\app\\signinForm\\signin-form.component.ts","statementMap":{"0":{"start":{"line":1,"column":0},"end":{"line":1,"column":57}},"1":{"start":{"line":2,"column":0},"end":{"line":2,"column":140}},"2":{"start":{"line":3,"column":0},"end":{"line":3,"column":68}},"3":{"start":{"line":21,"column":4},"end":{"line":21,"column":null}},"4":{"start":{"line":24,"column":22},"end":{"line":24,"column":37}},"5":{"start":{"line":12,"column":11},"end":{"line":12,"column":null}},"6":{"start":{"line":18,"column":2},"end":{"line":18,"column":31}},"7":{"start":{"line":27,"column":4},"end":{"line":27,"column":20}},"8":{"start":{"line":31,"column":4},"end":{"line":34,"column":7}},"9":{"start":{"line":37,"column":4},"end":{"line":37,"column":66}},"10":{"start":{"line":40,"column":4},"end":{"line":40,"column":69}},"11":{"start":{"line":43,"column":4},"end":{"line":43,"column":66}},"12":{"start":{"line":46,"column":4},"end":{"line":46,"column":66}},"13":{"start":{"line":49,"column":4},"end":{"line":49,"column":67}},"14":{"start":{"line":52,"column":4},"end":{"line":52,"column":67}},"15":{"start":{"line":55,"column":4},"end":{"line":55,"column":69}},"16":{"start":{"line":58,"column":4},"end":{"line":58,"column":71}},"17":{"start":{"line":61,"column":4},"end":{"line":61,"column":67}},"18":{"start":{"line":64,"column":4},"end":{"line":64,"column":null}},"19":{"start":{"line":65,"column":4},"end":{"line":68,"column":5}},"20":{"start":{"line":66,"column":6},"end":{"line":66,"column":41}},"21":{"start":{"line":67,"column":6},"end":{"line":67,"column":13}},"22":{"start":{"line":69,"column":25},"end":{"line":69,"column":52}},"23":{"start":{"line":70,"column":28},"end":{"line":70,"column":58}},"24":{"start":{"line":72,"column":4},"end":{"line":77,"column":5}},"25":{"start":{"line":73,"column":6},"end":{"line":73,"column":56}},"26":{"start":{"line":76,"column":6},"end":{"line":76,"column":61}},"27":{"start":{"line":80,"column":4},"end":{"line":80,"column":17}},"28":{"start":{"line":10,"column":13},"end":{"line":10,"column":32}},"29":{"start":{"line":10,"column":13},"end":{"line":82,"column":null}}},"fnMap":{"0":{"name":"(anonymous_0)","decl":{"start":{"line":20,"column":2},"end":{"line":20,"column":16}},"loc":{"start":{"line":20,"column":16},"end":{"line":22,"column":3}}},"1":{"name":"(anonymous_1)","decl":{"start":{"line":24,"column":2},"end":{"line":24,"column":22}},"loc":{"start":{"line":24,"column":37},"end":{"line":24,"column":42}}},"2":{"name":"(anonymous_2)","decl":{"start":{"line":26,"column":2},"end":{"line":26,"column":10}},"loc":{"start":{"line":26,"column":10},"end":{"line":28,"column":3}}},"3":{"name":"(anonymous_3)","decl":{"start":{"line":30,"column":2},"end":{"line":30,"column":10}},"loc":{"start":{"line":30,"column":10},"end":{"line":35,"column":3}}},"4":{"name":"(anonymous_4)","decl":{"start":{"line":36,"column":2},"end":{"line":36,"column":6}},"loc":{"start":{"line":36,"column":25},"end":{"line":38,"column":3}}},"5":{"name":"(anonymous_5)","decl":{"start":{"line":39,"column":2},"end":{"line":39,"column":6}},"loc":{"start":{"line":39,"column":28},"end":{"line":41,"column":3}}},"6":{"name":"(anonymous_6)","decl":{"start":{"line":42,"column":2},"end":{"line":42,"column":6}},"loc":{"start":{"line":42,"column":29},"end":{"line":44,"column":3}}},"7":{"name":"(anonymous_7)","decl":{"start":{"line":45,"column":2},"end":{"line":45,"column":6}},"loc":{"start":{"line":45,"column":29},"end":{"line":47,"column":3}}},"8":{"name":"(anonymous_8)","decl":{"start":{"line":48,"column":2},"end":{"line":48,"column":6}},"loc":{"start":{"line":48,"column":36},"end":{"line":50,"column":3}}},"9":{"name":"(anonymous_9)","decl":{"start":{"line":51,"column":2},"end":{"line":51,"column":6}},"loc":{"start":{"line":51,"column":36},"end":{"line":53,"column":3}}},"10":{"name":"(anonymous_10)","decl":{"start":{"line":54,"column":2},"end":{"line":54,"column":6}},"loc":{"start":{"line":54,"column":31},"end":{"line":56,"column":3}}},"11":{"name":"(anonymous_11)","decl":{"start":{"line":57,"column":2},"end":{"line":57,"column":6}},"loc":{"start":{"line":57,"column":33},"end":{"line":59,"column":3}}},"12":{"name":"(anonymous_12)","decl":{"start":{"line":60,"column":2},"end":{"line":60,"column":6}},"loc":{"start":{"line":60,"column":28},"end":{"line":62,"column":3}}},"13":{"name":"(anonymous_13)","decl":{"start":{"line":63,"column":2},"end":{"line":63,"column":10}},"loc":{"start":{"line":63,"column":10},"end":{"line":78,"column":3}}},"14":{"name":"(anonymous_14)","decl":{"start":{"line":79,"column":2},"end":{"line":79,"column":14}},"loc":{"start":{"line":79,"column":46},"end":{"line":81,"column":3}}}},"branchMap":{"0":{"loc":{"start":{"line":65,"column":4},"end":{"line":68,"column":5}},"type":"if","locations":[{"start":{"line":65,"column":4},"end":{"line":68,"column":5}}]},"1":{"loc":{"start":{"line":72,"column":4},"end":{"line":77,"column":5}},"type":"if","locations":[{"start":{"line":72,"column":4},"end":{"line":77,"column":5}},{"start":{"line":75,"column":9},"end":{"line":77,"column":5}}]}},"s":{"0":1,"1":1,"2":1,"3":2,"4":13,"5":13,"6":13,"7":13,"8":13,"9":36,"10":36,"11":36,"12":36,"13":1,"14":1,"15":1,"16":1,"17":1,"18":7,"19":7,"20":3,"21":3,"22":4,"23":4,"24":4,"25":3,"26":1,"27":2,"28":1,"29":1},"f":{"0":2,"1":13,"2":13,"3":13,"4":36,"5":36,"6":36,"7":36,"8":1,"9":1,"10":1,"11":1,"12":1,"13":7,"14":2},"b":{"0":[3],"1":[3,1]}}
,"C:\\Users\\VedavathiB\\projects\\authlite-form-widgets-angular\\src\\app\\types\\TranslationDictionaryType.ts": {"path":"C:\\Users\\VedavathiB\\projects\\authlite-form-widgets-angular\\src\\app\\types\\TranslationDictionaryType.ts","statementMap":{"0":{"start":{"line":69,"column":0},"end":{"line":69,"column":null}},"1":{"start":{"line":70,"column":4},"end":{"line":70,"column":null}},"2":{"start":{"line":71,"column":4},"end":{"line":71,"column":null}},"3":{"start":{"line":72,"column":4},"end":{"line":72,"column":null}},"4":{"start":{"line":73,"column":4},"end":{"line":73,"column":null}},"5":{"start":{"line":74,"column":4},"end":{"line":74,"column":null}},"6":{"start":{"line":75,"column":4},"end":{"line":75,"column":null}},"7":{"start":{"line":77,"column":4},"end":{"line":77,"column":null}},"8":{"start":{"line":78,"column":4},"end":{"line":78,"column":null}},"9":{"start":{"line":79,"column":4},"end":{"line":79,"column":null}},"10":{"start":{"line":80,"column":4},"end":{"line":80,"column":null}},"11":{"start":{"line":81,"column":4},"end":{"line":81,"column":null}},"12":{"start":{"line":82,"column":4},"end":{"line":82,"column":null}},"13":{"start":{"line":83,"column":4},"end":{"line":83,"column":null}},"14":{"start":{"line":84,"column":4},"end":{"line":84,"column":null}},"15":{"start":{"line":86,"column":4},"end":{"line":86,"column":null}},"16":{"start":{"line":87,"column":4},"end":{"line":87,"column":null}},"17":{"start":{"line":88,"column":4},"end":{"line":88,"column":null}},"18":{"start":{"line":89,"column":4},"end":{"line":89,"column":null}},"19":{"start":{"line":90,"column":4},"end":{"line":90,"column":null}},"20":{"start":{"line":91,"column":4},"end":{"line":91,"column":null}},"21":{"start":{"line":92,"column":4},"end":{"line":92,"column":null}},"22":{"start":{"line":93,"column":4},"end":{"line":93,"column":null}},"23":{"start":{"line":95,"column":4},"end":{"line":95,"column":null}},"24":{"start":{"line":96,"column":4},"end":{"line":96,"column":null}},"25":{"start":{"line":97,"column":4},"end":{"line":97,"column":null}},"26":{"start":{"line":98,"column":4},"end":{"line":98,"column":null}},"27":{"start":{"line":99,"column":4},"end":{"line":99,"column":null}},"28":{"start":{"line":100,"column":4},"end":{"line":100,"column":null}},"29":{"start":{"line":101,"column":4},"end":{"line":101,"column":null}},"30":{"start":{"line":103,"column":4},"end":{"line":103,"column":null}},"31":{"start":{"line":104,"column":4},"end":{"line":104,"column":null}},"32":{"start":{"line":105,"column":4},"end":{"line":105,"column":null}},"33":{"start":{"line":107,"column":4},"end":{"line":107,"column":null}},"34":{"start":{"line":108,"column":4},"end":{"line":108,"column":null}},"35":{"start":{"line":109,"column":4},"end":{"line":109,"column":null}},"36":{"start":{"line":110,"column":4},"end":{"line":110,"column":null}},"37":{"start":{"line":112,"column":4},"end":{"line":112,"column":null}},"38":{"start":{"line":113,"column":4},"end":{"line":113,"column":null}},"39":{"start":{"line":114,"column":4},"end":{"line":114,"column":null}},"40":{"start":{"line":115,"column":4},"end":{"line":115,"column":null}},"41":{"start":{"line":116,"column":4},"end":{"line":116,"column":null}},"42":{"start":{"line":118,"column":4},"end":{"line":118,"column":null}},"43":{"start":{"line":119,"column":4},"end":{"line":119,"column":null}},"44":{"start":{"line":120,"column":4},"end":{"line":120,"column":null}},"45":{"start":{"line":121,"column":4},"end":{"line":121,"column":null}},"46":{"start":{"line":123,"column":4},"end":{"line":123,"column":null}},"47":{"start":{"line":124,"column":4},"end":{"line":124,"column":null}},"48":{"start":{"line":125,"column":4},"end":{"line":125,"column":null}},"49":{"start":{"line":126,"column":4},"end":{"line":126,"column":null}},"50":{"start":{"line":127,"column":4},"end":{"line":127,"column":null}},"51":{"start":{"line":130,"column":13},"end":{"line":197,"column":null}},"52":{"start":{"line":199,"column":30},"end":{"line":204,"column":1}},"53":{"start":{"line":203,"column":4},"end":{"line":203,"column":64}},"54":{"start":{"line":199,"column":13},"end":{"line":199,"column":30}}},"fnMap":{"0":{"name":"(anonymous_0)","decl":{"start":{"line":69,"column":0},"end":{"line":69,"column":12}},"loc":{"start":{"line":69,"column":27},"end":{"line":128,"column":1}}},"1":{"name":"(anonymous_1)","decl":{"start":{"line":199,"column":30},"end":{"line":199,"column":null}},"loc":{"start":{"line":202,"column":4},"end":{"line":204,"column":1}}}},"branchMap":{"0":{"loc":{"start":{"line":69,"column":12},"end":{"line":69,"column":null}},"type":"binary-expr","locations":[{"start":{"line":69,"column":12},"end":{"line":69,"column":27}},{"start":{"line":69,"column":27},"end":{"line":69,"column":null}}]},"1":{"loc":{"start":{"line":203,"column":12},"end":{"line":203,"column":56}},"type":"binary-expr","locations":[{"start":{"line":203,"column":12},"end":{"line":203,"column":22}},{"start":{"line":203,"column":26},"end":{"line":203,"column":56}}]}},"s":{"0":3,"1":3,"2":3,"3":3,"4":3,"5":3,"6":3,"7":3,"8":3,"9":3,"10":3,"11":3,"12":3,"13":3,"14":3,"15":3,"16":3,"17":3,"18":3,"19":3,"20":3,"21":3,"22":3,"23":3,"24":3,"25":3,"26":3,"27":3,"28":3,"29":3,"30":3,"31":3,"32":3,"33":3,"34":3,"35":3,"36":3,"37":3,"38":3,"39":3,"40":3,"41":3,"42":3,"43":3,"44":3,"45":3,"46":3,"47":3,"48":3,"49":3,"50":3,"51":3,"52":3,"53":0,"54":3},"f":{"0":3,"1":0},"b":{"0":[3,3],"1":[0,0]}}
}
