TN:
SF:src\app\app.component.html
FNF:0
FNH:0
DA:1,1
LF:1
LH:1
BRF:0
BRH:0
end_of_record
TN:
SF:src\app\app.component.ts
FN:8,(anonymous_0)
FNF:1
FNH:0
FNDA:0,(anonymous_0)
DA:1,1
DA:8,1
DA:9,0
LF:3
LH:2
BRF:0
BRH:0
end_of_record
TN:
SF:src\app\ForgotPasswordForm\forgot-password-form.component.html
FNF:0
FNH:0
DA:1,1
LF:1
LH:1
BRF:0
BRH:0
end_of_record
TN:
SF:src\app\ForgotPasswordForm\forgot-password-form.component.ts
FN:20,(anonymous_0)
FN:22,(anonymous_1)
FN:25,(anonymous_2)
FN:31,(anonymous_3)
FN:34,(anonymous_4)
FN:37,(anonymous_5)
FN:40,(anonymous_6)
FN:43,(anonymous_7)
FN:46,(anonymous_8)
FN:49,(anonymous_9)
FN:65,(anonymous_10)
FN:68,(anonymous_11)
FNF:12
FNH:12
FNDA:10,(anonymous_0)
FNDA:10,(anonymous_1)
FNDA:10,(anonymous_2)
FNDA:26,(anonymous_3)
FNDA:26,(anonymous_4)
FNDA:26,(anonymous_5)
FNDA:1,(anonymous_6)
FNDA:1,(anonymous_7)
FNDA:1,(anonymous_8)
FNDA:3,(anonymous_9)
FNDA:1,(anonymous_10)
FNDA:1,(anonymous_11)
DA:1,1
DA:2,1
DA:3,1
DA:10,1
DA:12,10
DA:18,10
DA:20,10
DA:23,10
DA:26,10
DA:32,26
DA:35,26
DA:38,26
DA:41,1
DA:44,1
DA:47,1
DA:50,3
DA:51,3
DA:52,1
DA:53,1
DA:55,2
DA:57,2
DA:58,1
DA:61,1
DA:62,1
DA:66,1
DA:69,1
DA:70,1
LF:27
LH:27
BRDA:51,0,0,1
BRDA:57,1,0,1
BRDA:57,1,1,1
BRF:3
BRH:3
end_of_record
TN:
SF:src\app\SignupForm\signup-form.component.html
FNF:0
FNH:0
DA:1,1
LF:1
LH:1
BRF:0
BRH:0
end_of_record
TN:
SF:src\app\SignupForm\signup-form.component.ts
FN:23,(anonymous_0)
FN:27,(anonymous_1)
FN:41,(anonymous_2)
FN:44,(anonymous_3)
FN:57,(anonymous_4)
FN:60,(anonymous_5)
FN:63,(anonymous_6)
FN:66,(anonymous_7)
FN:69,(anonymous_8)
FN:72,(anonymous_9)
FN:75,(anonymous_10)
FN:78,(anonymous_11)
FN:81,(anonymous_12)
FN:84,(anonymous_13)
FN:87,(anonymous_14)
FN:90,(anonymous_15)
FN:93,(anonymous_16)
FN:96,(anonymous_17)
FN:100,(anonymous_18)
FN:109,(anonymous_19)
FNF:20
FNH:20
FNDA:2,(anonymous_0)
FNDA:14,(anonymous_1)
FNDA:14,(anonymous_2)
FNDA:14,(anonymous_3)
FNDA:42,(anonymous_4)
FNDA:42,(anonymous_5)
FNDA:42,(anonymous_6)
FNDA:42,(anonymous_7)
FNDA:42,(anonymous_8)
FNDA:42,(anonymous_9)
FNDA:42,(anonymous_10)
FNDA:1,(anonymous_11)
FNDA:1,(anonymous_12)
FNDA:1,(anonymous_13)
FNDA:1,(anonymous_14)
FNDA:1,(anonymous_15)
FNDA:1,(anonymous_16)
FNDA:1,(anonymous_17)
FNDA:109,(anonymous_18)
FNDA:2,(anonymous_19)
DA:1,1
DA:2,1
DA:3,1
DA:4,1
DA:13,1
DA:15,14
DA:21,14
DA:24,2
DA:27,14
DA:42,14
DA:45,14
DA:58,42
DA:61,42
DA:64,42
DA:67,42
DA:70,42
DA:73,42
DA:76,42
DA:79,1
DA:82,1
DA:85,1
DA:88,1
DA:91,1
DA:94,1
DA:97,1
DA:98,1
DA:101,109
DA:102,109
DA:104,109
DA:105,5
DA:107,104
DA:110,2
DA:111,1
DA:112,1
DA:115,1
LF:35
LH:35
BRDA:104,0,0,5
BRDA:104,1,0,109
BRDA:104,1,1,109
BRDA:104,1,2,109
BRDA:110,2,0,1
BRDA:110,2,1,1
BRF:6
BRH:6
end_of_record
TN:
SF:src\app\signinForm\signin-form.component.html
FNF:0
FNH:0
DA:1,1
LF:1
LH:1
BRF:0
BRH:0
end_of_record
TN:
SF:src\app\signinForm\signin-form.component.ts
FN:20,(anonymous_0)
FN:24,(anonymous_1)
FN:26,(anonymous_2)
FN:30,(anonymous_3)
FN:36,(anonymous_4)
FN:39,(anonymous_5)
FN:42,(anonymous_6)
FN:45,(anonymous_7)
FN:48,(anonymous_8)
FN:51,(anonymous_9)
FN:54,(anonymous_10)
FN:57,(anonymous_11)
FN:60,(anonymous_12)
FN:63,(anonymous_13)
FN:79,(anonymous_14)
FNF:15
FNH:15
FNDA:2,(anonymous_0)
FNDA:13,(anonymous_1)
FNDA:13,(anonymous_2)
FNDA:13,(anonymous_3)
FNDA:36,(anonymous_4)
FNDA:36,(anonymous_5)
FNDA:36,(anonymous_6)
FNDA:36,(anonymous_7)
FNDA:1,(anonymous_8)
FNDA:1,(anonymous_9)
FNDA:1,(anonymous_10)
FNDA:1,(anonymous_11)
FNDA:1,(anonymous_12)
FNDA:7,(anonymous_13)
FNDA:2,(anonymous_14)
DA:1,1
DA:2,1
DA:3,1
DA:10,1
DA:12,13
DA:18,13
DA:21,2
DA:24,13
DA:27,13
DA:31,13
DA:37,36
DA:40,36
DA:43,36
DA:46,36
DA:49,1
DA:52,1
DA:55,1
DA:58,1
DA:61,1
DA:64,7
DA:65,7
DA:66,3
DA:67,3
DA:69,4
DA:70,4
DA:72,4
DA:73,3
DA:76,1
DA:80,2
LF:29
LH:29
BRDA:65,0,0,3
BRDA:72,1,0,3
BRDA:72,1,1,1
BRF:3
BRH:3
end_of_record
TN:
SF:src\app\types\TranslationDictionaryType.ts
FN:69,(anonymous_0)
FN:199,(anonymous_1)
FNF:2
FNH:1
FNDA:3,(anonymous_0)
FNDA:0,(anonymous_1)
DA:69,3
DA:70,3
DA:71,3
DA:72,3
DA:73,3
DA:74,3
DA:75,3
DA:77,3
DA:78,3
DA:79,3
DA:80,3
DA:81,3
DA:82,3
DA:83,3
DA:84,3
DA:86,3
DA:87,3
DA:88,3
DA:89,3
DA:90,3
DA:91,3
DA:92,3
DA:93,3
DA:95,3
DA:96,3
DA:97,3
DA:98,3
DA:99,3
DA:100,3
DA:101,3
DA:103,3
DA:104,3
DA:105,3
DA:107,3
DA:108,3
DA:109,3
DA:110,3
DA:112,3
DA:113,3
DA:114,3
DA:115,3
DA:116,3
DA:118,3
DA:119,3
DA:120,3
DA:121,3
DA:123,3
DA:124,3
DA:125,3
DA:126,3
DA:127,3
DA:130,3
DA:199,3
DA:203,0
LF:54
LH:53
BRDA:69,0,0,3
BRDA:69,0,1,3
BRDA:203,1,0,0
BRDA:203,1,1,0
BRF:4
BRH:2
end_of_record
